<?xml version="1.0" encoding="UTF-8"?>
<robot generator="Robot 3.2.2 (Python 3.9.1 on win32)" generated="20210210 17:36:13.495" rpa="false">
<suite id="s1" name="Tests" source="E:\treinamento-robot\Tests">
<suite id="s1-s1" name="Botoes" source="E:\treinamento-robot\Tests\botoes.robot">
<kw name="Abrir navegador" library="botoes" type="setup">
<kw name="Open Browser" library="SeleniumLibrary">
<doc>Opens a new browser instance to the optional ``url``.</doc>
<arguments>
<arg>${URL}</arg>
<arg>${BROWSER}</arg>
</arguments>
<msg timestamp="20210210 17:36:13.637" level="INFO">Opening browser 'chrome' to base url 'https://automacaocombatista.herokuapp.com/buscaelementos/botoes'.</msg>
<status status="PASS" starttime="20210210 17:36:13.637" endtime="20210210 17:36:18.324"></status>
</kw>
<status status="PASS" starttime="20210210 17:36:13.637" endtime="20210210 17:36:18.324"></status>
</kw>
<test id="s1-s1-t1" name="Caso de teste 01: Clicar no botao Raised">
<kw name="Dado que o usuario esteja na pagina de links" library="botoes">
<kw name="Go To" library="SeleniumLibrary">
<doc>Navigates the current browser window to the provided ``url``.</doc>
<arguments>
<arg>${URL}</arg>
</arguments>
<msg timestamp="20210210 17:36:18.325" level="INFO">Opening url 'https://automacaocombatista.herokuapp.com/buscaelementos/botoes'</msg>
<status status="PASS" starttime="20210210 17:36:18.325" endtime="20210210 17:36:18.583"></status>
</kw>
<status status="PASS" starttime="20210210 17:36:18.325" endtime="20210210 17:36:18.583"></status>
</kw>
<kw name="Quando o usuario clicar no botão &quot;Raised&quot;" library="botoes">
<kw name="Click Element" library="SeleniumLibrary">
<doc>Click the element identified by ``locator``.</doc>
<arguments>
<arg>${botao_raised}</arg>
</arguments>
<msg timestamp="20210210 17:36:18.584" level="INFO">Clicking element 'id:teste'.</msg>
<status status="PASS" starttime="20210210 17:36:18.584" endtime="20210210 17:36:18.616"></status>
</kw>
<status status="PASS" starttime="20210210 17:36:18.584" endtime="20210210 17:36:18.616"></status>
</kw>
<kw name="Entao deve ser exibido a mensagem 01" library="botoes">
<kw name="Wait Until Page Contains Element" library="SeleniumLibrary">
<doc>Waits until the element ``locator`` appears on the current page.</doc>
<arguments>
<arg>${mensagem_esperada01}</arg>
<arg>timeout=1</arg>
<arg>error=botão não encontrado</arg>
</arguments>
<status status="PASS" starttime="20210210 17:36:18.617" endtime="20210210 17:36:18.628"></status>
</kw>
<status status="PASS" starttime="20210210 17:36:18.617" endtime="20210210 17:36:18.629"></status>
</kw>
<status status="PASS" starttime="20210210 17:36:18.324" endtime="20210210 17:36:18.629" critical="yes"></status>
</test>
<test id="s1-s1-t2" name="Caso de teste 02: Clicar no botao Floating">
<kw name="Dado que o usuario esteja na pagina de links" library="botoes">
<kw name="Go To" library="SeleniumLibrary">
<doc>Navigates the current browser window to the provided ``url``.</doc>
<arguments>
<arg>${URL}</arg>
</arguments>
<msg timestamp="20210210 17:36:18.631" level="INFO">Opening url 'https://automacaocombatista.herokuapp.com/buscaelementos/botoes'</msg>
<status status="PASS" starttime="20210210 17:36:18.631" endtime="20210210 17:36:18.883"></status>
</kw>
<status status="PASS" starttime="20210210 17:36:18.630" endtime="20210210 17:36:18.883"></status>
</kw>
<kw name="Quando o usuario clicar no botão &quot;Floating&quot;" library="botoes">
<kw name="Click Element" library="SeleniumLibrary">
<doc>Click the element identified by ``locator``.</doc>
<arguments>
<arg>${botao_floating}</arg>
</arguments>
<msg timestamp="20210210 17:36:18.884" level="INFO">Clicking element 'xpath://a[@class='btn-floating btn-large waves-light red']'.</msg>
<status status="PASS" starttime="20210210 17:36:18.884" endtime="20210210 17:36:18.912"></status>
</kw>
<status status="PASS" starttime="20210210 17:36:18.884" endtime="20210210 17:36:18.912"></status>
</kw>
<kw name="Entao deve ser exibido a mensagem 02" library="botoes">
<kw name="Wait Until Page Contains Element" library="SeleniumLibrary">
<doc>Waits until the element ``locator`` appears on the current page.</doc>
<arguments>
<arg>${mensagem_esperada01}</arg>
<arg>timeout=1</arg>
<arg>error=botão não encontrado</arg>
</arguments>
<status status="PASS" starttime="20210210 17:36:18.913" endtime="20210210 17:36:18.917"></status>
</kw>
<status status="PASS" starttime="20210210 17:36:18.913" endtime="20210210 17:36:18.918"></status>
</kw>
<status status="PASS" starttime="20210210 17:36:18.630" endtime="20210210 17:36:18.918" critical="yes"></status>
</test>
<test id="s1-s1-t3" name="Caso de teste 03: Clicar no botao Flat">
<kw name="Dado que o usuario esteja na pagina de links" library="botoes">
<kw name="Go To" library="SeleniumLibrary">
<doc>Navigates the current browser window to the provided ``url``.</doc>
<arguments>
<arg>${URL}</arg>
</arguments>
<msg timestamp="20210210 17:36:18.919" level="INFO">Opening url 'https://automacaocombatista.herokuapp.com/buscaelementos/botoes'</msg>
<status status="PASS" starttime="20210210 17:36:18.919" endtime="20210210 17:36:19.142"></status>
</kw>
<status status="PASS" starttime="20210210 17:36:18.919" endtime="20210210 17:36:19.142"></status>
</kw>
<kw name="Quando o usuario clicar no botão &quot;Flat&quot;" library="botoes">
<kw name="Click Element" library="SeleniumLibrary">
<doc>Click the element identified by ``locator``.</doc>
<arguments>
<arg>${botao_flat}</arg>
</arguments>
<msg timestamp="20210210 17:36:19.143" level="INFO">Clicking element 'xpath://a[@class='waves-teal btn-flat']'.</msg>
<status status="PASS" starttime="20210210 17:36:19.143" endtime="20210210 17:36:19.169"></status>
</kw>
<status status="PASS" starttime="20210210 17:36:19.143" endtime="20210210 17:36:19.170"></status>
</kw>
<kw name="Entao deve ser exibido a mensagem 03" library="botoes">
<kw name="Wait Until Page Contains Element" library="SeleniumLibrary">
<doc>Waits until the element ``locator`` appears on the current page.</doc>
<arguments>
<arg>${mensagem_esperada01}</arg>
<arg>timeout=1</arg>
<arg>error=botão não encontrado</arg>
</arguments>
<status status="PASS" starttime="20210210 17:36:19.170" endtime="20210210 17:36:19.174"></status>
</kw>
<status status="PASS" starttime="20210210 17:36:19.170" endtime="20210210 17:36:19.174"></status>
</kw>
<status status="PASS" starttime="20210210 17:36:18.919" endtime="20210210 17:36:19.175" critical="yes"></status>
</test>
<test id="s1-s1-t4" name="Caso de teste 04: Clicar no botao Submmit">
<kw name="Dado que o usuario esteja na pagina de links" library="botoes">
<kw name="Go To" library="SeleniumLibrary">
<doc>Navigates the current browser window to the provided ``url``.</doc>
<arguments>
<arg>${URL}</arg>
</arguments>
<msg timestamp="20210210 17:36:19.178" level="INFO">Opening url 'https://automacaocombatista.herokuapp.com/buscaelementos/botoes'</msg>
<status status="PASS" starttime="20210210 17:36:19.178" endtime="20210210 17:36:19.428"></status>
</kw>
<status status="PASS" starttime="20210210 17:36:19.177" endtime="20210210 17:36:19.428"></status>
</kw>
<kw name="Quando o usuario clicar no botão &quot;Submmit&quot;" library="botoes">
<kw name="Click Element" library="SeleniumLibrary">
<doc>Click the element identified by ``locator``.</doc>
<arguments>
<arg>${botao_submmit}</arg>
</arguments>
<msg timestamp="20210210 17:36:19.429" level="INFO">Clicking element 'xpath://button[@name='action']'.</msg>
<status status="PASS" starttime="20210210 17:36:19.429" endtime="20210210 17:36:19.456"></status>
</kw>
<status status="PASS" starttime="20210210 17:36:19.429" endtime="20210210 17:36:19.456"></status>
</kw>
<kw name="Entao deve ser exibido a mensagem 04" library="botoes">
<kw name="Wait Until Page Contains Element" library="SeleniumLibrary">
<doc>Waits until the element ``locator`` appears on the current page.</doc>
<arguments>
<arg>${mensagem_esperada01}</arg>
<arg>timeout=1</arg>
<arg>error=botão não encontrado</arg>
</arguments>
<status status="PASS" starttime="20210210 17:36:19.457" endtime="20210210 17:36:19.461"></status>
</kw>
<status status="PASS" starttime="20210210 17:36:19.456" endtime="20210210 17:36:19.461"></status>
</kw>
<status status="PASS" starttime="20210210 17:36:19.177" endtime="20210210 17:36:19.461" critical="yes"></status>
</test>
<test id="s1-s1-t5" name="Caso de teste 05: Clicar no botao Disable">
<kw name="Dado que o usuario esteja na pagina de links" library="botoes">
<kw name="Go To" library="SeleniumLibrary">
<doc>Navigates the current browser window to the provided ``url``.</doc>
<arguments>
<arg>${URL}</arg>
</arguments>
<msg timestamp="20210210 17:36:19.462" level="INFO">Opening url 'https://automacaocombatista.herokuapp.com/buscaelementos/botoes'</msg>
<status status="PASS" starttime="20210210 17:36:19.462" endtime="20210210 17:36:19.693"></status>
</kw>
<status status="PASS" starttime="20210210 17:36:19.462" endtime="20210210 17:36:19.693"></status>
</kw>
<kw name="Entao deve ser exibido um botao desabilitado" library="botoes">
<kw name="Wait Until Page Contains Element" library="SeleniumLibrary">
<doc>Waits until the element ``locator`` appears on the current page.</doc>
<arguments>
<arg>${botao_disable}</arg>
<arg>timeout=1</arg>
<arg>error=botão não encontrado</arg>
</arguments>
<status status="PASS" starttime="20210210 17:36:19.694" endtime="20210210 17:36:19.701"></status>
</kw>
<status status="PASS" starttime="20210210 17:36:19.694" endtime="20210210 17:36:19.701"></status>
</kw>
<status status="PASS" starttime="20210210 17:36:19.462" endtime="20210210 17:36:19.701" critical="yes"></status>
</test>
<kw name="Fechar navegador" library="botoes" type="teardown">
<kw name="Close Browser" library="SeleniumLibrary">
<doc>Closes the current browser.</doc>
<status status="PASS" starttime="20210210 17:36:19.702" endtime="20210210 17:36:21.785"></status>
</kw>
<status status="PASS" starttime="20210210 17:36:19.702" endtime="20210210 17:36:21.785"></status>
</kw>
<status status="PASS" starttime="20210210 17:36:13.512" endtime="20210210 17:36:21.785"></status>
</suite>
<suite id="s1-s2" name="criarUsuarios" source="E:\treinamento-robot\Tests\criarUsuarios.robot">
<kw name="Abrir navegador" library="criarUsuarios" type="setup">
<kw name="Open Browser" library="SeleniumLibrary">
<doc>Opens a new browser instance to the optional ``url``.</doc>
<arguments>
<arg>${URL}</arg>
<arg>${BROWSER}</arg>
</arguments>
<msg timestamp="20210210 17:36:21.798" level="INFO">Opening browser 'chrome' to base url 'https://automacaocombatista.herokuapp.com/users/new'.</msg>
<status status="PASS" starttime="20210210 17:36:21.797" endtime="20210210 17:36:26.491"></status>
</kw>
<status status="PASS" starttime="20210210 17:36:21.797" endtime="20210210 17:36:26.491"></status>
</kw>
<test id="s1-s2-t1" name="Caso de teste 01: Cadastrar um novo usuario">
<kw name="Dado que o usuario esteja na pagina de Cadastrar usuario" library="criarUsuarios">
<kw name="Go To" library="SeleniumLibrary">
<doc>Navigates the current browser window to the provided ``url``.</doc>
<arguments>
<arg>${URL}</arg>
</arguments>
<msg timestamp="20210210 17:36:26.492" level="INFO">Opening url 'https://automacaocombatista.herokuapp.com/users/new'</msg>
<status status="PASS" starttime="20210210 17:36:26.492" endtime="20210210 17:36:26.727"></status>
</kw>
<status status="PASS" starttime="20210210 17:36:26.492" endtime="20210210 17:36:26.727"></status>
</kw>
<kw name="Quando o usuario preencha todos os campos corretamente" library="criarUsuarios">
<kw name="Input Text" library="SeleniumLibrary">
<doc>Types the given ``text`` into the text field identified by ``locator``.</doc>
<arguments>
<arg>${input_primeiro_nome}</arg>
<arg>${primeiroNome}</arg>
</arguments>
<msg timestamp="20210210 17:36:26.728" level="INFO">Typing text 'Aarão' into text field 'id:user_name'.</msg>
<status status="PASS" starttime="20210210 17:36:26.727" endtime="20210210 17:36:26.812"></status>
</kw>
<kw name="Input Text" library="SeleniumLibrary">
<doc>Types the given ``text`` into the text field identified by ``locator``.</doc>
<arguments>
<arg>${input_ultimo_nome}</arg>
<arg>${ultimoNome}</arg>
</arguments>
<msg timestamp="20210210 17:36:26.813" level="INFO">Typing text 'Da Silva' into text field 'id:user_lastname'.</msg>
<status status="PASS" starttime="20210210 17:36:26.812" endtime="20210210 17:36:26.873"></status>
</kw>
<kw name="Input Text" library="SeleniumLibrary">
<doc>Types the given ``text`` into the text field identified by ``locator``.</doc>
<arguments>
<arg>${input_email}</arg>
<arg>${Email}</arg>
</arguments>
<msg timestamp="20210210 17:36:26.873" level="INFO">Typing text 'teste123@teste.com' into text field 'id:user_email'.</msg>
<status status="PASS" starttime="20210210 17:36:26.873" endtime="20210210 17:36:26.935"></status>
</kw>
<kw name="Input Text" library="SeleniumLibrary">
<doc>Types the given ``text`` into the text field identified by ``locator``.</doc>
<arguments>
<arg>${input_Endereco}</arg>
<arg>${endereco}</arg>
</arguments>
<msg timestamp="20210210 17:36:26.935" level="INFO">Typing text 'Teste do teste nº777' into text field 'id:user_address'.</msg>
<status status="PASS" starttime="20210210 17:36:26.935" endtime="20210210 17:36:26.998"></status>
</kw>
<kw name="Input Text" library="SeleniumLibrary">
<doc>Types the given ``text`` into the text field identified by ``locator``.</doc>
<arguments>
<arg>${input_universidade}</arg>
<arg>${universidade}</arg>
</arguments>
<msg timestamp="20210210 17:36:26.998" level="INFO">Typing text 'Fagammon' into text field 'id:user_university'.</msg>
<status status="PASS" starttime="20210210 17:36:26.998" endtime="20210210 17:36:27.054"></status>
</kw>
<kw name="Input Text" library="SeleniumLibrary">
<doc>Types the given ``text`` into the text field identified by ``locator``.</doc>
<arguments>
<arg>${input_profissao}</arg>
<arg>${profissao}</arg>
</arguments>
<msg timestamp="20210210 17:36:27.054" level="INFO">Typing text 'automation QA' into text field 'id:user_profile'.</msg>
<status status="PASS" starttime="20210210 17:36:27.054" endtime="20210210 17:36:27.111"></status>
</kw>
<kw name="Input Text" library="SeleniumLibrary">
<doc>Types the given ``text`` into the text field identified by ``locator``.</doc>
<arguments>
<arg>${input_genero}</arg>
<arg>${genero}</arg>
</arguments>
<msg timestamp="20210210 17:36:27.112" level="INFO">Typing text 'Masculino' into text field 'id:user_gender'.</msg>
<status status="PASS" starttime="20210210 17:36:27.111" endtime="20210210 17:36:27.164"></status>
</kw>
<kw name="Input Text" library="SeleniumLibrary">
<doc>Types the given ``text`` into the text field identified by ``locator``.</doc>
<arguments>
<arg>${input_idade}</arg>
<arg>${idade}</arg>
</arguments>
<msg timestamp="20210210 17:36:27.165" level="INFO">Typing text '22' into text field 'id:user_age'.</msg>
<status status="PASS" starttime="20210210 17:36:27.164" endtime="20210210 17:36:27.211"></status>
</kw>
<status status="PASS" starttime="20210210 17:36:26.727" endtime="20210210 17:36:27.211"></status>
</kw>
<kw name="E clique no botão &quot;criar&quot;" library="criarUsuarios">
<kw name="Click Element" library="SeleniumLibrary">
<doc>Click the element identified by ``locator``.</doc>
<arguments>
<arg>${botao_criar}</arg>
</arguments>
<msg timestamp="20210210 17:36:27.212" level="INFO">Clicking element 'name:commit'.</msg>
<status status="PASS" starttime="20210210 17:36:27.211" endtime="20210210 17:36:27.888"></status>
</kw>
<status status="PASS" starttime="20210210 17:36:27.211" endtime="20210210 17:36:27.888"></status>
</kw>
<kw name="Então o deve ser exibido uma mensagem de usuario criado com sucesso" library="criarUsuarios">
<kw name="Element Text Should Be" library="SeleniumLibrary">
<doc>Verifies that element ``locator`` contains exact the text ``expected``.</doc>
<arguments>
<arg>${mensagem_usuario_cadastrado_sucesso}</arg>
<arg>${usuarioCriadoSucesso}</arg>
</arguments>
<msg timestamp="20210210 17:36:27.889" level="INFO">Verifying element 'xpath://p[contains(@id,'notice')]' contains exact text 'Usuário Criado com sucesso'.</msg>
<status status="PASS" starttime="20210210 17:36:27.889" endtime="20210210 17:36:27.905"></status>
</kw>
<status status="PASS" starttime="20210210 17:36:27.889" endtime="20210210 17:36:27.905"></status>
</kw>
<status status="PASS" starttime="20210210 17:36:26.491" endtime="20210210 17:36:27.905" critical="yes"></status>
</test>
<test id="s1-s2-t2" name="Caso de teste 02: Correto funcionamento do botão voltar">
<kw name="Dado que o usuario esteja na pagina de Cadastrar usuario" library="criarUsuarios">
<kw name="Go To" library="SeleniumLibrary">
<doc>Navigates the current browser window to the provided ``url``.</doc>
<arguments>
<arg>${URL}</arg>
</arguments>
<msg timestamp="20210210 17:36:27.907" level="INFO">Opening url 'https://automacaocombatista.herokuapp.com/users/new'</msg>
<status status="PASS" starttime="20210210 17:36:27.906" endtime="20210210 17:36:28.139"></status>
</kw>
<status status="PASS" starttime="20210210 17:36:27.906" endtime="20210210 17:36:28.139"></status>
</kw>
<kw name="Quando o usuario clicar no botão Voltar" library="criarUsuarios">
<kw name="Click Element" library="SeleniumLibrary">
<doc>Click the element identified by ``locator``.</doc>
<arguments>
<arg>${botao_voltar}</arg>
</arguments>
<msg timestamp="20210210 17:36:28.140" level="INFO">Clicking element 'xpath://a[@class='btn waves-light red'][contains(.,'Voltar')]'.</msg>
<status status="PASS" starttime="20210210 17:36:28.140" endtime="20210210 17:36:28.172"></status>
</kw>
<status status="PASS" starttime="20210210 17:36:28.139" endtime="20210210 17:36:28.172"></status>
</kw>
<kw name="Então o usuario deve ser redirecionado para a pagina inicial" library="criarUsuarios">
<kw name="Wait Until Page Contains" library="SeleniumLibrary">
<doc>Waits until ``text`` appears on the current page.</doc>
<arguments>
<arg>Bem vindo</arg>
<arg>timeout=2</arg>
<arg>error=Redirecionamento errado ou pagina não carregou</arg>
</arguments>
<status status="PASS" starttime="20210210 17:36:28.173" endtime="20210210 17:36:28.608"></status>
</kw>
<kw name="Location Should Be" library="SeleniumLibrary">
<doc>Verifies that the current URL is exactly ``url``.</doc>
<arguments>
<arg>${paginaInicial}</arg>
</arguments>
<msg timestamp="20210210 17:36:28.610" level="INFO">Current location is 'https://automacaocombatista.herokuapp.com/treinamento/home'.</msg>
<status status="PASS" starttime="20210210 17:36:28.608" endtime="20210210 17:36:28.610"></status>
</kw>
<status status="PASS" starttime="20210210 17:36:28.172" endtime="20210210 17:36:28.610"></status>
</kw>
<status status="PASS" starttime="20210210 17:36:27.906" endtime="20210210 17:36:28.611" critical="yes"></status>
</test>
<test id="s1-s2-t3" name="Caso de teste 03: Validando campos obrigatorios da pagina">
<kw name="Dado que o usuario esteja na pagina de Cadastrar usuario" library="criarUsuarios">
<kw name="Go To" library="SeleniumLibrary">
<doc>Navigates the current browser window to the provided ``url``.</doc>
<arguments>
<arg>${URL}</arg>
</arguments>
<msg timestamp="20210210 17:36:28.613" level="INFO">Opening url 'https://automacaocombatista.herokuapp.com/users/new'</msg>
<status status="PASS" starttime="20210210 17:36:28.612" endtime="20210210 17:36:28.969"></status>
</kw>
<status status="PASS" starttime="20210210 17:36:28.612" endtime="20210210 17:36:28.969"></status>
</kw>
<kw name="Quando o usuario nao preencher nenhum dos campos da tela e clicar no botao &quot;Criar&quot;" library="criarUsuarios">
<kw name="Click Element" library="SeleniumLibrary">
<doc>Click the element identified by ``locator``.</doc>
<arguments>
<arg>${botao_criar}</arg>
</arguments>
<msg timestamp="20210210 17:36:28.970" level="INFO">Clicking element 'name:commit'.</msg>
<status status="PASS" starttime="20210210 17:36:28.969" endtime="20210210 17:36:29.235"></status>
</kw>
<status status="PASS" starttime="20210210 17:36:28.969" endtime="20210210 17:36:29.235"></status>
</kw>
<kw name="Então deve ser exibida uma pagina com mensagems de erro para os campos nome e email" library="criarUsuarios">
<kw name="Wait Until Page Contains" library="SeleniumLibrary">
<doc>Waits until ``text`` appears on the current page.</doc>
<arguments>
<arg>3 errors</arg>
</arguments>
<status status="PASS" starttime="20210210 17:36:29.236" endtime="20210210 17:36:29.244"></status>
</kw>
<kw name="Wait Until Page Contains" library="SeleniumLibrary">
<doc>Waits until ``text`` appears on the current page.</doc>
<arguments>
<arg>${errorNomeSemPreencher}</arg>
<arg>timeout=2</arg>
<arg>error=Mensagem de erro não encontrada</arg>
</arguments>
<status status="PASS" starttime="20210210 17:36:29.244" endtime="20210210 17:36:29.252"></status>
</kw>
<kw name="Wait Until Page Contains" library="SeleniumLibrary">
<doc>Waits until ``text`` appears on the current page.</doc>
<arguments>
<arg>${errorEmailSemPreencher}</arg>
<arg>timeout=2</arg>
<arg>error=Mensagem de erro não encontrada</arg>
</arguments>
<status status="PASS" starttime="20210210 17:36:29.252" endtime="20210210 17:36:29.258"></status>
</kw>
<kw name="Wait Until Page Contains" library="SeleniumLibrary">
<doc>Waits until ``text`` appears on the current page.</doc>
<arguments>
<arg>${errorEmailInvalido}</arg>
<arg>timeout=2</arg>
<arg>error=Mensagem de erro não encontrada</arg>
</arguments>
<status status="PASS" starttime="20210210 17:36:29.259" endtime="20210210 17:36:29.265"></status>
</kw>
<status status="PASS" starttime="20210210 17:36:29.235" endtime="20210210 17:36:29.265"></status>
</kw>
<status status="PASS" starttime="20210210 17:36:28.612" endtime="20210210 17:36:29.266" critical="yes"></status>
</test>
<kw name="Fechar navegador" library="criarUsuarios" type="teardown">
<kw name="Close Browser" library="SeleniumLibrary">
<doc>Closes the current browser.</doc>
<status status="PASS" starttime="20210210 17:36:29.267" endtime="20210210 17:36:31.372"></status>
</kw>
<status status="PASS" starttime="20210210 17:36:29.267" endtime="20210210 17:36:31.372"></status>
</kw>
<status status="PASS" starttime="20210210 17:36:21.786" endtime="20210210 17:36:31.372"></status>
</suite>
<suite id="s1-s3" name="InputsTextField" source="E:\treinamento-robot\Tests\InputsTextField.robot">
<test id="s1-s3-t1" name="Caso de teste 01: Inserir textos na pagina">
<kw name="Abrir navegador" library="InputsTextField" type="setup">
<kw name="Open Browser" library="SeleniumLibrary">
<doc>Opens a new browser instance to the optional ``url``.</doc>
<arguments>
<arg>${URL}</arg>
<arg>${BROWSER}</arg>
</arguments>
<msg timestamp="20210210 17:36:31.383" level="INFO">Opening browser 'chrome' to base url 'https://automacaocombatista.herokuapp.com/buscaelementos/inputsetextfield'.</msg>
<status status="PASS" starttime="20210210 17:36:31.383" endtime="20210210 17:36:35.943"></status>
</kw>
<status status="PASS" starttime="20210210 17:36:31.383" endtime="20210210 17:36:35.944"></status>
</kw>
<kw name="Dado que o usuario esteja na pagina de Inputs e TextField" library="InputsTextField">
<kw name="Go To" library="SeleniumLibrary">
<doc>Navigates the current browser window to the provided ``url``.</doc>
<arguments>
<arg>${URL}</arg>
</arguments>
<msg timestamp="20210210 17:36:35.944" level="INFO">Opening url 'https://automacaocombatista.herokuapp.com/buscaelementos/inputsetextfield'</msg>
<status status="PASS" starttime="20210210 17:36:35.944" endtime="20210210 17:36:36.201"></status>
</kw>
<status status="PASS" starttime="20210210 17:36:35.944" endtime="20210210 17:36:36.201"></status>
</kw>
<kw name="Então deve ser possivel inserir textos em todos os inputs" library="InputsTextField">
<kw name="Input Text" library="SeleniumLibrary">
<doc>Types the given ``text`` into the text field identified by ``locator``.</doc>
<arguments>
<arg>${input_primeiro_nome}</arg>
<arg>${primeiroNome}</arg>
</arguments>
<msg timestamp="20210210 17:36:36.202" level="INFO">Typing text 'João' into text field 'id:first_name'.</msg>
<status status="PASS" starttime="20210210 17:36:36.202" endtime="20210210 17:36:36.280"></status>
</kw>
<kw name="Input Text" library="SeleniumLibrary">
<doc>Types the given ``text`` into the text field identified by ``locator``.</doc>
<arguments>
<arg>${input_ultimo_nome}</arg>
<arg>${ultimoNome}</arg>
</arguments>
<msg timestamp="20210210 17:36:36.281" level="INFO">Typing text 'Da silva' into text field 'id:last_name'.</msg>
<status status="PASS" starttime="20210210 17:36:36.281" endtime="20210210 17:36:36.349"></status>
</kw>
<kw name="Input Text" library="SeleniumLibrary">
<doc>Types the given ``text`` into the text field identified by ``locator``.</doc>
<arguments>
<arg>${input_password}</arg>
<arg>${password}</arg>
</arguments>
<msg timestamp="20210210 17:36:36.349" level="INFO">Typing text '12345aabb123' into text field 'id:password'.</msg>
<status status="PASS" starttime="20210210 17:36:36.349" endtime="20210210 17:36:36.422"></status>
</kw>
<kw name="Input Text" library="SeleniumLibrary">
<doc>Types the given ``text`` into the text field identified by ``locator``.</doc>
<arguments>
<arg>${input_email}</arg>
<arg>${email}</arg>
</arguments>
<msg timestamp="20210210 17:36:36.423" level="INFO">Typing text 'teste@teste.com' into text field 'id:email'.</msg>
<status status="PASS" starttime="20210210 17:36:36.422" endtime="20210210 17:36:36.495"></status>
</kw>
<kw name="Input Text" library="SeleniumLibrary">
<doc>Types the given ``text`` into the text field identified by ``locator``.</doc>
<arguments>
<arg>${input_textArea}</arg>
<arg>${textArea}</arg>
</arguments>
<msg timestamp="20210210 17:36:36.496" level="INFO">Typing text 'Lorem ipsum dolor sit amet, consectetur adipiscing elit. Aliquam massa metus, suscipit rutrum tristique vitae, gravida nec lorem. Maecenas venenatis eros ut consectetur tempus. Etiam id purus ligula. Vivamus ut lacinia neque, non facilisis massa. Maecenas faucibus eu ante quis aliquet. Suspendisse tristique viverra mi vel volutpat. Aenean non arcu dapibus, facilisis tellus non, vestibulum leo. Integer eget purus at ipsum porta laoreet. Mauris quis posuere eros. Curabitur a sodales nisl. Maecenas semper tempor tellus, vitae porttitor libero gravida id. Quisque risus mauris, porttitor non imperdiet eu, varius sit amet ex. Quisque a nibh nunc. Quisque in leo vel libero ullamcorper consequat vel a turpis. Pellentesque habitant morbi tristique senectus et netus et malesuada fames ac turpis egestas. Nunc sit amet elit rhoncus, laoreet nisi sit amet, mollis ligula.' into text field 'id:textarea1'.</msg>
<status status="PASS" starttime="20210210 17:36:36.496" endtime="20210210 17:36:40.181"></status>
</kw>
<status status="PASS" starttime="20210210 17:36:36.202" endtime="20210210 17:36:40.181"></status>
</kw>
<kw name="Fechar navegador" library="InputsTextField" type="teardown">
<kw name="Close Browser" library="SeleniumLibrary">
<doc>Closes the current browser.</doc>
<status status="PASS" starttime="20210210 17:36:40.182" endtime="20210210 17:36:42.260"></status>
</kw>
<status status="PASS" starttime="20210210 17:36:40.182" endtime="20210210 17:36:42.260"></status>
</kw>
<status status="PASS" starttime="20210210 17:36:31.383" endtime="20210210 17:36:42.260" critical="yes"></status>
</test>
<status status="PASS" starttime="20210210 17:36:31.374" endtime="20210210 17:36:42.261"></status>
</suite>
<suite id="s1-s4" name="Links" source="E:\treinamento-robot\Tests\links.robot">
<kw name="Abrir navegador" library="links" type="setup">
<kw name="Open Browser" library="SeleniumLibrary">
<doc>Opens a new browser instance to the optional ``url``.</doc>
<arguments>
<arg>${URL}</arg>
<arg>${BROWSER}</arg>
</arguments>
<msg timestamp="20210210 17:36:42.269" level="INFO">Opening browser 'chrome' to base url 'https://automacaocombatista.herokuapp.com/buscaelementos/links'.</msg>
<status status="PASS" starttime="20210210 17:36:42.268" endtime="20210210 17:36:47.006"></status>
</kw>
<status status="PASS" starttime="20210210 17:36:42.268" endtime="20210210 17:36:47.006"></status>
</kw>
<test id="s1-s4-t1" name="Caso de teste 01: Verificar link com retorno 200">
<kw name="Dado que o usuario esteja na pagina de links" library="links">
<kw name="Go To" library="SeleniumLibrary">
<doc>Navigates the current browser window to the provided ``url``.</doc>
<arguments>
<arg>${URL}</arg>
</arguments>
<msg timestamp="20210210 17:36:47.007" level="INFO">Opening url 'https://automacaocombatista.herokuapp.com/buscaelementos/links'</msg>
<status status="PASS" starttime="20210210 17:36:47.007" endtime="20210210 17:36:47.224"></status>
</kw>
<status status="PASS" starttime="20210210 17:36:47.007" endtime="20210210 17:36:47.224"></status>
</kw>
<kw name="Quando o usuario clicar no link 200 ok" library="links">
<kw name="Click Element" library="SeleniumLibrary">
<doc>Click the element identified by ``locator``.</doc>
<arguments>
<arg>${link_200_OK}</arg>
</arguments>
<msg timestamp="20210210 17:36:47.225" level="INFO">Clicking element 'xpath://a[@data-method='get'][contains(.,'Ok 200 - Sucess')]'.</msg>
<status status="PASS" starttime="20210210 17:36:47.225" endtime="20210210 17:36:47.911"></status>
</kw>
<status status="PASS" starttime="20210210 17:36:47.225" endtime="20210210 17:36:47.911"></status>
</kw>
<kw name="Então o deve ser exibido uma mensagem de Success!!" library="links">
<kw name="Wait Until Page Contains" library="SeleniumLibrary">
<doc>Waits until ``text`` appears on the current page.</doc>
<arguments>
<arg>${mensagem_200_OK}</arg>
<arg>timeout=2</arg>
<arg>error=Mensagem esperada não encontrada na página</arg>
</arguments>
<status status="PASS" starttime="20210210 17:36:47.912" endtime="20210210 17:36:47.919"></status>
</kw>
<kw name="Get Location" library="SeleniumLibrary">
<doc>Returns the current browser window URL.</doc>
<assign>
<var>${urlCarregada}</var>
</assign>
<msg timestamp="20210210 17:36:47.922" level="INFO">${urlCarregada} = https://automacaocombatista.herokuapp.com/buscaelementos/success</msg>
<status status="PASS" starttime="20210210 17:36:47.919" endtime="20210210 17:36:47.922"></status>
</kw>
<kw name="Should Be True" library="BuiltIn">
<doc>Fails if the given condition is not true.</doc>
<arguments>
<arg>'${URL_200}' == '${urlCarregada}'</arg>
</arguments>
<status status="PASS" starttime="20210210 17:36:47.922" endtime="20210210 17:36:47.922"></status>
</kw>
<status status="PASS" starttime="20210210 17:36:47.912" endtime="20210210 17:36:47.922"></status>
</kw>
<status status="PASS" starttime="20210210 17:36:47.006" endtime="20210210 17:36:47.922" critical="yes"></status>
</test>
<test id="s1-s4-t2" name="Caso de teste 02: Verificar link com retorno 400">
<kw name="Dado que o usuario esteja na pagina de links" library="links">
<kw name="Go To" library="SeleniumLibrary">
<doc>Navigates the current browser window to the provided ``url``.</doc>
<arguments>
<arg>${URL}</arg>
</arguments>
<msg timestamp="20210210 17:36:47.924" level="INFO">Opening url 'https://automacaocombatista.herokuapp.com/buscaelementos/links'</msg>
<status status="PASS" starttime="20210210 17:36:47.924" endtime="20210210 17:36:48.125"></status>
</kw>
<status status="PASS" starttime="20210210 17:36:47.923" endtime="20210210 17:36:48.125"></status>
</kw>
<kw name="Quando o usuario clicar no link 400 Bad_request" library="links">
<kw name="Click Element" library="SeleniumLibrary">
<doc>Click the element identified by ``locator``.</doc>
<arguments>
<arg>${link_400_bad_request}</arg>
</arguments>
<msg timestamp="20210210 17:36:48.126" level="INFO">Clicking element 'xpath://a[@data-method='get'][contains(.,'Erro 400 - Bad Request')]'.</msg>
<status status="PASS" starttime="20210210 17:36:48.126" endtime="20210210 17:36:48.519"></status>
</kw>
<status status="PASS" starttime="20210210 17:36:48.125" endtime="20210210 17:36:48.519"></status>
</kw>
<kw name="Então o deve ser exibido uma mensagem de Bad Request!!" library="links">
<kw name="Wait Until Page Contains" library="SeleniumLibrary">
<doc>Waits until ``text`` appears on the current page.</doc>
<arguments>
<arg>${mensagem_400_bad_request}</arg>
<arg>timeout=2</arg>
<arg>error=Mensagem esperada não encontrada na página</arg>
</arguments>
<status status="PASS" starttime="20210210 17:36:48.520" endtime="20210210 17:36:48.528"></status>
</kw>
<kw name="Get Location" library="SeleniumLibrary">
<doc>Returns the current browser window URL.</doc>
<assign>
<var>${urlCarregada}</var>
</assign>
<msg timestamp="20210210 17:36:48.530" level="INFO">${urlCarregada} = https://automacaocombatista.herokuapp.com/buscaelementos/badrequest</msg>
<status status="PASS" starttime="20210210 17:36:48.528" endtime="20210210 17:36:48.530"></status>
</kw>
<kw name="Should Be True" library="BuiltIn">
<doc>Fails if the given condition is not true.</doc>
<arguments>
<arg>'${URL_400}' == '${urlCarregada}'</arg>
</arguments>
<status status="PASS" starttime="20210210 17:36:48.530" endtime="20210210 17:36:48.530"></status>
</kw>
<status status="PASS" starttime="20210210 17:36:48.519" endtime="20210210 17:36:48.530"></status>
</kw>
<status status="PASS" starttime="20210210 17:36:47.923" endtime="20210210 17:36:48.530" critical="yes"></status>
</test>
<test id="s1-s4-t3" name="Caso de teste 03: Verificar link com retorno 404">
<kw name="Dado que o usuario esteja na pagina de links" library="links">
<kw name="Go To" library="SeleniumLibrary">
<doc>Navigates the current browser window to the provided ``url``.</doc>
<arguments>
<arg>${URL}</arg>
</arguments>
<msg timestamp="20210210 17:36:48.532" level="INFO">Opening url 'https://automacaocombatista.herokuapp.com/buscaelementos/links'</msg>
<status status="PASS" starttime="20210210 17:36:48.532" endtime="20210210 17:36:48.740"></status>
</kw>
<status status="PASS" starttime="20210210 17:36:48.531" endtime="20210210 17:36:48.740"></status>
</kw>
<kw name="Quando o usuario clicar no link 404 page_not_found" library="links">
<kw name="Click Element" library="SeleniumLibrary">
<doc>Click the element identified by ``locator``.</doc>
<arguments>
<arg>${link_404_page_not_found}</arg>
</arguments>
<msg timestamp="20210210 17:36:48.740" level="INFO">Clicking element 'xpath://a[@data-method='get'][contains(.,'Erro 404 - Page not found')]'.</msg>
<status status="PASS" starttime="20210210 17:36:48.740" endtime="20210210 17:36:49.122"></status>
</kw>
<status status="PASS" starttime="20210210 17:36:48.740" endtime="20210210 17:36:49.122"></status>
</kw>
<kw name="Então o deve ser exibido uma mensagem de Page Not Found!!" library="links">
<kw name="Wait Until Page Contains" library="SeleniumLibrary">
<doc>Waits until ``text`` appears on the current page.</doc>
<arguments>
<arg>${mensagem_404_page_not_found}</arg>
<arg>timeout=2</arg>
<arg>error=Mensagem esperada não encontrada na página</arg>
</arguments>
<status status="PASS" starttime="20210210 17:36:49.122" endtime="20210210 17:36:49.130"></status>
</kw>
<kw name="Get Location" library="SeleniumLibrary">
<doc>Returns the current browser window URL.</doc>
<assign>
<var>${urlCarregada}</var>
</assign>
<msg timestamp="20210210 17:36:49.132" level="INFO">${urlCarregada} = https://automacaocombatista.herokuapp.com/buscaelementos/notfound</msg>
<status status="PASS" starttime="20210210 17:36:49.130" endtime="20210210 17:36:49.132"></status>
</kw>
<kw name="Should Be True" library="BuiltIn">
<doc>Fails if the given condition is not true.</doc>
<arguments>
<arg>'${URL_404}' == '${urlCarregada}'</arg>
</arguments>
<status status="PASS" starttime="20210210 17:36:49.132" endtime="20210210 17:36:49.132"></status>
</kw>
<status status="PASS" starttime="20210210 17:36:49.122" endtime="20210210 17:36:49.133"></status>
</kw>
<status status="PASS" starttime="20210210 17:36:48.531" endtime="20210210 17:36:49.133" critical="yes"></status>
</test>
<test id="s1-s4-t4" name="Caso de teste 04: Verificar link com retorno 500">
<kw name="Dado que o usuario esteja na pagina de links" library="links">
<kw name="Go To" library="SeleniumLibrary">
<doc>Navigates the current browser window to the provided ``url``.</doc>
<arguments>
<arg>${URL}</arg>
</arguments>
<msg timestamp="20210210 17:36:49.134" level="INFO">Opening url 'https://automacaocombatista.herokuapp.com/buscaelementos/links'</msg>
<status status="PASS" starttime="20210210 17:36:49.134" endtime="20210210 17:36:49.340"></status>
</kw>
<status status="PASS" starttime="20210210 17:36:49.134" endtime="20210210 17:36:49.340"></status>
</kw>
<kw name="Quando o usuario clicar no link 500 Internal server error" library="links">
<kw name="Click Element" library="SeleniumLibrary">
<doc>Click the element identified by ``locator``.</doc>
<arguments>
<arg>${link_500_Internal_server_error}</arg>
</arguments>
<msg timestamp="20210210 17:36:49.341" level="INFO">Clicking element 'xpath://a[@data-method='get'][contains(.,'Erro 500 - Internal Server Error')]'.</msg>
<status status="PASS" starttime="20210210 17:36:49.341" endtime="20210210 17:36:49.848"></status>
</kw>
<status status="PASS" starttime="20210210 17:36:49.341" endtime="20210210 17:36:49.848"></status>
</kw>
<kw name="Então o deve ser exibido uma mensagem de Internal Server Error!!" library="links">
<kw name="Wait Until Page Contains" library="SeleniumLibrary">
<doc>Waits until ``text`` appears on the current page.</doc>
<arguments>
<arg>${mensagem_500_Internal_server_error}</arg>
<arg>timeout=2</arg>
<arg>error=Mensagem esperada não encontrada na página</arg>
</arguments>
<status status="PASS" starttime="20210210 17:36:49.849" endtime="20210210 17:36:49.856"></status>
</kw>
<kw name="Get Location" library="SeleniumLibrary">
<doc>Returns the current browser window URL.</doc>
<assign>
<var>${urlCarregada}</var>
</assign>
<msg timestamp="20210210 17:36:49.858" level="INFO">${urlCarregada} = https://automacaocombatista.herokuapp.com/buscaelementos/internalservererror</msg>
<status status="PASS" starttime="20210210 17:36:49.856" endtime="20210210 17:36:49.858"></status>
</kw>
<kw name="Should Be True" library="BuiltIn">
<doc>Fails if the given condition is not true.</doc>
<arguments>
<arg>'${URL_500}' == '${urlCarregada}'</arg>
</arguments>
<status status="PASS" starttime="20210210 17:36:49.858" endtime="20210210 17:36:49.859"></status>
</kw>
<status status="PASS" starttime="20210210 17:36:49.849" endtime="20210210 17:36:49.859"></status>
</kw>
<status status="PASS" starttime="20210210 17:36:49.134" endtime="20210210 17:36:49.859" critical="yes"></status>
</test>
<kw name="Fechar navegador" library="links" type="teardown">
<kw name="Close Browser" library="SeleniumLibrary">
<doc>Closes the current browser.</doc>
<status status="PASS" starttime="20210210 17:36:49.860" endtime="20210210 17:36:51.969"></status>
</kw>
<status status="PASS" starttime="20210210 17:36:49.860" endtime="20210210 17:36:51.969"></status>
</kw>
<status status="PASS" starttime="20210210 17:36:42.262" endtime="20210210 17:36:51.969"></status>
</suite>
<status status="PASS" starttime="20210210 17:36:13.497" endtime="20210210 17:36:51.971"></status>
</suite>
<statistics>
<total>
<stat pass="13" fail="0">Critical Tests</stat>
<stat pass="13" fail="0">All Tests</stat>
</total>
<tag>
</tag>
<suite>
<stat pass="13" fail="0" id="s1" name="Tests">Tests</stat>
<stat pass="5" fail="0" id="s1-s1" name="Botoes">Tests.Botoes</stat>
<stat pass="3" fail="0" id="s1-s2" name="criarUsuarios">Tests.criarUsuarios</stat>
<stat pass="1" fail="0" id="s1-s3" name="InputsTextField">Tests.InputsTextField</stat>
<stat pass="4" fail="0" id="s1-s4" name="Links">Tests.Links</stat>
</suite>
</statistics>
<errors>
</errors>
</robot>
